Removed Pin From Net: NetName=P1.0 Pin=P3-2
Removed Pin From Net: NetName=P1.1 Pin=P3-3
Removed Pin From Net: NetName=P1.2 Pin=P3-4
Removed Pin From Net: NetName=P1.3 Pin=P3-5
Removed Pin From Net: NetName=P1.4 Pin=P3-6
Removed Pin From Net: NetName=P1.5 Pin=P3-7
Removed Pin From Net: NetName=P2.0 Pin=P3-8
Removed Pin From Net: NetName=P2.1 Pin=P3-9
Removed Pin From Net: NetName=P2.3 Pin=P6-1
Removed Pin From Net: NetName=P2.5 Pin=P6-3
Removed Pin From Net: NetName=P1.6 Pin=P6-4
Removed Pin From Net: NetName=P1.7 Pin=P6-5
Removed Pin From Net: NetName=RESET Pin=P6-6
Removed Pin From Net: NetName=TEST Pin=P6-7
Removed Pin From Net: NetName=P2.7 Pin=P6-8
Removed Pin From Net: NetName=P2.6 Pin=P6-9
Change Component DesignItemId : Designator=K1 Old DesignItemId= New DesignItemId=BU
Change Component DesignItemId : Designator=C1 Old DesignItemId= New DesignItemId=C
Change Component DesignItemId : Designator=C2 Old DesignItemId= New DesignItemId=C
Change Component DesignItemId : Designator=C3 Old DesignItemId= New DesignItemId=C
Change Component DesignItemId : Designator=C4 Old DesignItemId= New DesignItemId=C
Change Component DesignItemId : Designator=C5 Old DesignItemId= New DesignItemId=C
Change Component DesignItemId : Designator=C6 Old DesignItemId= New DesignItemId=C
Change Component DesignItemId : Designator=C7 Old DesignItemId= New DesignItemId=C
Change Component DesignItemId : Designator=C8 Old DesignItemId= New DesignItemId=C
Change Component DesignItemId : Designator=C9 Old DesignItemId= New DesignItemId=C
Change Component DesignItemId : Designator=C10 Old DesignItemId= New DesignItemId=C
Change Component DesignItemId : Designator=C11 Old DesignItemId= New DesignItemId=C
Change Component DesignItemId : Designator=C12 Old DesignItemId= New DesignItemId=C
Change Component DesignItemId : Designator=C13 Old DesignItemId= New DesignItemId=C
Change Component DesignItemId : Designator=C14 Old DesignItemId= New DesignItemId=C
Change Component DesignItemId : Designator=C15 Old DesignItemId= New DesignItemId=C
Change Component DesignItemId : Designator=D1 Old DesignItemId= New DesignItemId=D
Change Component DesignItemId : Designator=RS1 Old DesignItemId= New DesignItemId=HEA
Change Component DesignItemId : Designator=RESET1 Old DesignItemId= New DesignItemId=KEY
Change Component DesignItemId : Designator=TRIG1 Old DesignItemId= New DesignItemId=KEY
Change Component DesignItemId : Designator=DC_IN1 Old DesignItemId= New DesignItemId=P
Change Component DesignItemId : Designator=R1 Old DesignItemId= New DesignItemId=R
Change Component DesignItemId : Designator=R2 Old DesignItemId= New DesignItemId=R
Change Component DesignItemId : Designator=R3 Old DesignItemId= New DesignItemId=R
Change Component DesignItemId : Designator=R4 Old DesignItemId= New DesignItemId=R
Change Component DesignItemId : Designator=R5 Old DesignItemId= New DesignItemId=R
Change Component DesignItemId : Designator=R6 Old DesignItemId= New DesignItemId=R
Change Component DesignItemId : Designator=R7 Old DesignItemId= New DesignItemId=R
Change Component DesignItemId : Designator=R8 Old DesignItemId= New DesignItemId=R
Change Component DesignItemId : Designator=R9 Old DesignItemId= New DesignItemId=R
Change Component DesignItemId : Designator=R10 Old DesignItemId= New DesignItemId=R
Change Component DesignItemId : Designator=R11 Old DesignItemId= New DesignItemId=R
Change Component DesignItemId : Designator=R12 Old DesignItemId= New DesignItemId=R
Change Component DesignItemId : Designator=R13 Old DesignItemId= New DesignItemId=R
Change Component DesignItemId : Designator=R14 Old DesignItemId= New DesignItemId=R
Change Component DesignItemId : Designator=R15 Old DesignItemId= New DesignItemId=R
Change Component DesignItemId : Designator=R16 Old DesignItemId= New DesignItemId=R
Change Component DesignItemId : Designator=R17 Old DesignItemId= New DesignItemId=R
Change Component DesignItemId : Designator=R18 Old DesignItemId= New DesignItemId=R
Change Component DesignItemId : Designator=R19 Old DesignItemId= New DesignItemId=R
Change Component DesignItemId : Designator=R20 Old DesignItemId= New DesignItemId=R
Change Component DesignItemId : Designator=R21 Old DesignItemId= New DesignItemId=R
Change Component DesignItemId : Designator=Y1 Old DesignItemId= New DesignItemId=XTAL
Change Component DesignItemId : Designator=DS2 Old DesignItemId=LE New DesignItemId=LED2
Change Component DesignItemId : Designator=DS3 Old DesignItemId=LE New DesignItemId=LED2
Change Component Footprint: Designator=C2 Old Footprint=0805 New Footprint=0603P
Change Component Footprint: Designator=C4 Old Footprint=0805 New Footprint=0603P
Change Component Footprint: Designator=C6 Old Footprint=0805 New Footprint=0603P
Change Component Footprint: Designator=C8 Old Footprint=0805 New Footprint=0603P
Change Component Footprint: Designator=C9 Old Footprint=0805 New Footprint=0603P
Change Component Footprint: Designator=C10 Old Footprint=0805 New Footprint=0603P
Change Component Footprint: Designator=C11 Old Footprint=0805 New Footprint=0603P
Change Component Footprint: Designator=C12 Old Footprint=0805 New Footprint=0603P
Change Component Footprint: Designator=C13 Old Footprint=0805 New Footprint=0603P
Change Component Footprint: Designator=C14 Old Footprint=0805 New Footprint=0603P
Change Component Footprint: Designator=C15 Old Footprint=0805 New Footprint=0603P
Change Component Footprint: Designator=R1 Old Footprint=0805 New Footprint=0603P
Change Component Footprint: Designator=R2 Old Footprint=0805 New Footprint=0603P
Change Component Footprint: Designator=R3 Old Footprint=0805 New Footprint=0603P
Change Component Footprint: Designator=R4 Old Footprint=0805 New Footprint=0603P
Change Component Footprint: Designator=R5 Old Footprint=0805 New Footprint=0603P
Change Component Footprint: Designator=R6 Old Footprint=0805 New Footprint=0603P
Change Component Footprint: Designator=R7 Old Footprint=0805 New Footprint=0603P
Change Component Footprint: Designator=R8 Old Footprint=0805 New Footprint=0603P
Change Component Footprint: Designator=R9 Old Footprint=0805 New Footprint=0603P
Change Component Footprint: Designator=R10 Old Footprint=0805 New Footprint=0603P
Change Component Footprint: Designator=R11 Old Footprint=0805 New Footprint=0603P
Change Component Footprint: Designator=R12 Old Footprint=0805 New Footprint=0603P
Change Component Footprint: Designator=R13 Old Footprint=0805 New Footprint=0603P
Change Component Footprint: Designator=R14 Old Footprint=0805 New Footprint=0603P
Change Component Footprint: Designator=R15 Old Footprint=0805 New Footprint=0603P
Change Component Footprint: Designator=R16 Old Footprint=0805 New Footprint=0603P
Change Component Footprint: Designator=R17 Old Footprint=0805 New Footprint=0603P
Change Component Footprint: Designator=R18 Old Footprint=0805 New Footprint=0603P
Change Component Footprint: Designator=R19 Old Footprint=0805 New Footprint=0603P
Change Component Footprint: Designator=R20 Old Footprint=0805 New Footprint=0603P
Change Component Footprint: Designator=R21 Old Footprint=0805 New Footprint=0603P
Change Component Footprint: Designator=C5 Old Footprint=1206 New Footprint=0603P
Change Component Footprint: Designator=C7 Old Footprint=1206 New Footprint=0603P
Change Component Footprint: Designator=D1 Old Footprint=DIODE_3*5.3 New Footprint=DIODE_SOP
Change Component Description : Designator=Y1 Old Description= New Description=Crystal Oscillator
Change Component Description : Designator=DS1 Old Description=Typical RED, GREE New Description=Typical RED, GREEN, YELLOW, AMBER GaAs LED
Change Component Description : Designator=DS2 Old Description=Typical RED, GREE New Description=Typical RED, GREEN, YELLOW, AMBER GaAs LED
Change Component Description : Designator=DS3 Old Description=Typical RED, GREE New Description=Typical RED, GREEN, YELLOW, AMBER GaAs LED
Change Component Library : Designator=C1 Old Library=WarShip V3 STM321 New Library=WarShip V3 STM32103·â×°¿â.IntLib
Change Component Library : Designator=C3 Old Library=WarShip V3 STM321 New Library=WarShip V3 STM32103·â×°¿â.IntLib
Change Component Library : Designator=DC_IN1 Old Library=WarShip V3 STM321 New Library=WarShip V3 STM32103·â×°¿â.IntLib
Change Component Library : Designator=RESET1 Old Library=WarShip V3 STM321 New Library=WarShip V3 STM32103·â×°¿â.IntLib
Change Component Library : Designator=RS1 Old Library=WarShip V3 STM321 New Library=WarShip V3 STM32103·â×°¿â.IntLib
Change Component Library : Designator=TRIG1 Old Library=WarShip V3 STM321 New Library=WarShip V3 STM32103·â×°¿â.IntLib
Change Component Library : Designator=K1 Old Library=WarShip V3 STM32103 New Library=WarShip V3 STM32103·â×°¿â.IntLib
Added Room: Name=MainControl
Added Room: Name=Power
